<?xml version="1.0" encoding="UTF-8"?>
<!-- Generated by org.testng.reporters.JUnitReportReporter -->
<testsuite hostname="QT-INNO-LT1448" failures="0" tests="2" name="com.qt.qualithon.test.MovieSearchRottenTomatoesTest" time="108.584" errors="0" timestamp="2022-03-24T16:36:15 IST" skipped="0">
  <testcase classname="com.qt.qualithon.test.MovieSearchRottenTomatoesTest" name="testMovieMetadataOnWebHasCorrectDirectorName" time="52.110"/>
  <system-out/>
  <testcase classname="com.qt.qualithon.test.MovieSearchRottenTomatoesTest" name="testMovieMetadataOnWebHasCorrectDirectorName" time="56.474"/>
  <system-out/>
</testsuite> <!-- com.qt.qualithon.test.MovieSearchRottenTomatoesTest -->
