<?xml version="1.0" encoding="UTF-8"?>
<!-- Generated by org.testng.reporters.JUnitReportReporter -->
<testsuite hostname="QT-INNO-LT1448" failures="0" tests="2" name="com.qt.qualithon.test.MovieSearchRottenTomatoesTest" time="95.297" errors="0" timestamp="2022-03-25T14:42:39 IST" skipped="0">
  <testcase classname="com.qt.qualithon.test.MovieSearchRottenTomatoesTest" name="testSearchByExactMovieTitleReturnsMovieAsFirstResult" time="55.445"/>
  <system-out/>
  <testcase classname="com.qt.qualithon.test.MovieSearchRottenTomatoesTest" name="testSearchByExactMovieTitleReturnsMovieAsFirstResult" time="39.852"/>
  <system-out/>
</testsuite> <!-- com.qt.qualithon.test.MovieSearchRottenTomatoesTest -->
