<?xml version="1.0" encoding="UTF-8"?>
<!-- Generated by org.testng.reporters.JUnitReportReporter -->
<testsuite skipped="0" hostname="QT-INNO-LT1428" name="com.qt.qualithon.test.MovieSearchTest" tests="14" failures="0" timestamp="2022-03-25T19:02:20 IST" time="248.485" errors="0">
  <testcase name="testSearchByExactMovieTitleReturnsMovieAsFirstResult" time="14.431" classname="com.qt.qualithon.test.MovieSearchTest"/>
  <system-out/>
  <testcase name="testSearchByExactMovieTitleReturnsMovieAsFirstResult" time="15.295" classname="com.qt.qualithon.test.MovieSearchTest"/>
  <system-out/>
  <testcase name="testMovieMetadataOnWebHasCorrectReleaseYear" time="16.338" classname="com.qt.qualithon.test.MovieSearchTest"/>
  <system-out/>
  <testcase name="testMovieMetadataOnWebHasCorrectReleaseYear" time="16.258" classname="com.qt.qualithon.test.MovieSearchTest"/>
  <system-out/>
  <testcase name="testMovieMetadataOnWebHasCorrectDirectorName" time="15.592" classname="com.qt.qualithon.test.MovieSearchTest"/>
  <system-out/>
  <testcase name="testMovieMetadataOnWebHasCorrectDirectorName" time="15.485" classname="com.qt.qualithon.test.MovieSearchTest"/>
  <system-out/>
  <testcase name="testMovieMetadataOnWebHasCorrectWriters" time="24.610" classname="com.qt.qualithon.test.MovieSearchTest"/>
  <system-out/>
  <testcase name="testMovieMetadataOnWebHasCorrectWriters" time="16.689" classname="com.qt.qualithon.test.MovieSearchTest"/>
  <system-out/>
  <testcase name="testMovieMetadataOnWebHasCorrectGenres" time="24.981" classname="com.qt.qualithon.test.MovieSearchTest"/>
  <system-out/>
  <testcase name="testMovieMetadataOnWebHasCorrectGenres" time="14.801" classname="com.qt.qualithon.test.MovieSearchTest"/>
  <system-out/>
  <testcase name="testMovieMetadataOnWebHasCorrectMaturityRating" time="16.927" classname="com.qt.qualithon.test.MovieSearchTest"/>
  <system-out/>
  <testcase name="testMovieMetadataOnWebHasCorrectMaturityRating" time="14.992" classname="com.qt.qualithon.test.MovieSearchTest"/>
  <system-out/>
  <testcase name="testMovieMetadataOnWebHasCorrectMovieRatingScore" time="26.624" classname="com.qt.qualithon.test.MovieSearchTest"/>
  <system-out/>
  <testcase name="testMovieMetadataOnWebHasCorrectMovieRatingScore" time="15.462" classname="com.qt.qualithon.test.MovieSearchTest"/>
  <system-out/>
</testsuite> <!-- com.qt.qualithon.test.MovieSearchTest -->
